// <autogenerated>
//   This file contains the list of files generated by ScaffoldingGeneratorCommand.tt.
//   It is used by T4 Toolbox (http://www.codeplex.com/t4toolbox) to automatically delete
//   generated files that are no longer necessary. Do not modify this file manually. Manual
//   changes may cause orphaned files and will be lost next time the code is regenerated.
// </autogenerated>
..\..\app\BasicBlog.Core\ActionConfirmation.cs
..\..\app\BasicBlog.Data\NamedQueries\GetEntrySummaries.hbm.xml
..\..\tests\BasicBlog.Tests\BasicBlog.Core\EntryInstanceFactory.cs
..\..\tests\BasicBlog.Tests\BasicBlog.Core\EntryTests.cs
..\..\app\BasicBlog.Core\Entry.cs
..\..\app\BasicBlog.Core\RepositoryInterfaces\IEntryRepository.cs
..\..\app\BasicBlog.Data\Repositories\EntryRepository.cs
..\..\app\BasicBlog.Core\QueryDtos\EntryDto.cs
..\..\app\BasicBlog.ApplicationServices\ViewModels\EntryFormViewModel.cs
..\..\tests\BasicBlog.Tests\BasicBlog.ApplicationServices\EntryManagementServiceTests.cs
..\..\app\BasicBlog.ApplicationServices\IEntryManagementService.cs
..\..\app\BasicBlog.ApplicationServices\EntryManagementService.cs
..\..\tests\BasicBlog.Tests\BasicBlog.Web\Controllers\EntriesControllerTests.cs
..\..\app\BasicBlog.Web.Controllers\EntriesController.cs
..\..\app\BasicBlog.Web\Views\Entries\EntryForm.ascx
..\..\app\BasicBlog.Web\Views\Entries\Create.aspx
..\..\app\BasicBlog.Web\Views\Entries\Edit.aspx
..\..\app\BasicBlog.Web\Views\Entries\Index.aspx
..\..\app\BasicBlog.Web\Views\Entries\Show.aspx
.\ScaffoldingGeneratorCommand.tt.log
